2024-08-21 11:17:18,985 - Start monitoring process initiated (caller = settings.py) with PID: 11692
2024-08-21 11:17:19,445 - Start monitoring process initiated (caller = process.py (Child Process)) with PID: 12568
2024-08-21 11:17:28,470 - Stop monitoring process initiated (caller = process.py) with PID: 12568
2024-08-21 11:17:29,440 - Stop monitoring process initiated (caller = settings.py) with PID: 11692
2024-08-21 11:18:55,914 - Start monitoring process initiated (caller = process.py (Parent Process)) with PID: 15900
2024-08-21 11:18:55,925 - Start monitoring process initiated (caller = process.py (Child Process)) with PID: 12608
2024-08-21 11:19:08,287 - Stop monitoring process initiated (caller = process.py) with PID: 12608
2024-08-21 11:19:08,414 - Stop monitoring process initiated (caller = settings.py) with PID: 15900
2024-08-21 11:19:25,315 - Start monitoring process initiated (caller = process.py (Parent Process)) with PID: 4628
2024-08-21 11:19:25,325 - Start monitoring process initiated (caller = process.py (Child Process)) with PID: 8360
2024-08-21 11:19:34,208 - Stop monitoring process initiated (caller = process.py) with PID: 8360
2024-08-21 11:19:34,241 - Stop monitoring process initiated (caller = settings.py) with PID: 4628
2024-08-21 11:20:51,462 - Start monitoring process initiated (caller = process.py (Parent Process)) with PID: 12468
2024-08-21 11:20:51,467 - Start monitoring process initiated (caller = process.py (Child Process)) with PID: 12988
2024-08-21 12:01:11,279 - Stop monitoring process initiated (caller = process.py) with PID: 12988
2024-08-21 12:01:11,917 - Stop monitoring process initiated (caller = settings.py) with PID: 12468
2024-08-21 12:01:14,394 - Start monitoring process initiated (caller = settings.py) with PID: 15456
2024-08-21 12:01:14,583 - Start monitoring process initiated (caller = process.py (Child Process)) with PID: 7432
2024-08-21 12:02:44,882 - Stop monitoring process initiated (caller = process.py) with PID: 7432
2024-08-21 12:02:45,919 - Stop monitoring process initiated (caller = settings.py) with PID: 15456
2024-08-21 12:04:35,237 - Start monitoring process initiated (caller = settings.py) with PID: 4200
2024-08-21 12:04:35,591 - Start monitoring process initiated (caller = process.py (Child Process)) with PID: 2308
